<?xml version="1.0" encoding="UTF-8"?>
<!-- Generated by org.testng.reporters.JUnitXMLReporter -->
<testsuite ignored="1" hostname="DESKTOP-RMQC6MS" failures="0" tests="1" name="Android Test1=" time="70.61" errors="0" timestamp="2024-09-02T21:04:40 IST">
  <testcase classname="org.cooee.AndroidTest" name="OutBoundCall" time="50.656"/>
  <testcase classname="org.cooee.AndroidTest" name="InBoundCall" time="0.0">
    <ignored/>
  </testcase> <!-- InBoundCall -->
</testsuite> <!-- Android Test1= -->
