<?xml version="1.0" encoding="UTF-8"?>
<!-- Generated by org.testng.reporters.JUnitXMLReporter -->
<testsuite ignored="0" hostname="DESKTOP-RMQC6MS" failures="1" tests="1" name="Android Test2" time="105.41" errors="0" timestamp="2024-09-01T12:05:51 IST">
  <testcase classname="org.cooee.iOSTest" name="OutBoundCall" time="0.0">
    <failure type="org.testng.TestNGException" message="
Method public void org.cooee.iOSTest.OutBoundCall(java.util.HashMap) throws java.lang.InterruptedException requires a @DataProvider named : getData">
      <![CDATA[org.testng.TestNGException: 
Method public void org.cooee.iOSTest.OutBoundCall(java.util.HashMap) throws java.lang.InterruptedException requires a @DataProvider named : getData
at java.base/java.util.ArrayList.forEach(ArrayList.java:1511)
at java.base/java.util.concurrent.FutureTask.run(FutureTask.java:264)
at java.base/java.util.concurrent.ThreadPoolExecutor.runWorker(ThreadPoolExecutor.java:1136)
at java.base/java.util.concurrent.ThreadPoolExecutor$Worker.run(ThreadPoolExecutor.java:635)
at java.base/java.lang.Thread.run(Thread.java:833)
... Removed 14 stack frames]]>
    </failure>
  </testcase> <!-- OutBoundCall -->
</testsuite> <!-- Android Test2 -->
