<?xml version="1.0" encoding="UTF-8"?>
<!-- Generated by org.testng.reporters.JUnitXMLReporter -->
<testsuite ignored="1" hostname="DESKTOP-RMQC6MS" failures="0" tests="1" name="Android Test" time="70.948" errors="0" timestamp="2024-08-31T14:08:42 IST">
  <testcase classname="org.cooee.BaseTest" name="@BeforeClass configureAppium" time="7.97">
    <failure type="org.openqa.selenium.SessionNotCreatedException" message="Could not start a new session. Response code 500. Message: [APP_OS_MISMATCH] The app_id lt://APP10160361821722937780914551 specified in the ‘app’ params doesn&amp;apos;t match the selected Platform. Please specify a valid app_id for the specified platform. 
Host info: host: &amp;apos;DESKTOP-RMQC6MS&amp;apos;, ip: &amp;apos;192.168.1.38&amp;apos;
Build info: version: &amp;apos;4.23.1&amp;apos;, revision: &amp;apos;656257d8e9&amp;apos;
System info: os.name: &amp;apos;Windows 11&amp;apos;, os.arch: &amp;apos;amd64&amp;apos;, os.version: &amp;apos;10.0&amp;apos;, java.version: &amp;apos;17.0.6&amp;apos;
Driver info: io.appium.java_client.android.AndroidDriver
Command: [null, newSession {capabilities=[Capabilities {lt:options: {app: lt://APP1016036182172293778..., autoGrantPermissions: true, deviceName: iPhone 13 Pro Max, isRealMobile: true, platformName: ios, platformVersion: 15, w3c: true}, platformName: ANDROID}]}]
Capabilities {lt:options: {app: lt://APP1016036182172293778..., autoGrantPermissions: true, deviceName: iPhone 13 Pro Max, isRealMobile: true, platformName: ios, platformVersion: 15, w3c: true}, platformName: ANDROID}">
      <![CDATA[org.openqa.selenium.SessionNotCreatedException: Could not start a new session. Response code 500. Message: [APP_OS_MISMATCH] The app_id lt://APP10160361821722937780914551 specified in the ‘app’ params doesn't match the selected Platform. Please specify a valid app_id for the specified platform. 
Host info: host: 'DESKTOP-RMQC6MS', ip: '192.168.1.38'
Build info: version: '4.23.1', revision: '656257d8e9'
System info: os.name: 'Windows 11', os.arch: 'amd64', os.version: '10.0', java.version: '17.0.6'
Driver info: io.appium.java_client.android.AndroidDriver
Command: [null, newSession {capabilities=[Capabilities {lt:options: {app: lt://APP1016036182172293778..., autoGrantPermissions: true, deviceName: iPhone 13 Pro Max, isRealMobile: true, platformName: ios, platformVersion: 15, w3c: true}, platformName: ANDROID}]}]
Capabilities {lt:options: {app: lt://APP1016036182172293778..., autoGrantPermissions: true, deviceName: iPhone 13 Pro Max, isRealMobile: true, platformName: ios, platformVersion: 15, w3c: true}, platformName: ANDROID}
at org.openqa.selenium.remote.ProtocolHandshake.createSession(ProtocolHandshake.java:114)
at org.openqa.selenium.remote.ProtocolHandshake.createSession(ProtocolHandshake.java:75)
at org.openqa.selenium.remote.ProtocolHandshake.createSession(ProtocolHandshake.java:61)
at io.appium.java_client.remote.AppiumCommandExecutor.createSession(AppiumCommandExecutor.java:176)
at io.appium.java_client.remote.AppiumCommandExecutor.execute(AppiumCommandExecutor.java:237)
at org.openqa.selenium.remote.RemoteWebDriver.execute(RemoteWebDriver.java:545)
at io.appium.java_client.AppiumDriver.startSession(AppiumDriver.java:270)
at org.openqa.selenium.remote.RemoteWebDriver.<init>(RemoteWebDriver.java:174)
at io.appium.java_client.AppiumDriver.<init>(AppiumDriver.java:91)
at io.appium.java_client.AppiumDriver.<init>(AppiumDriver.java:103)
at io.appium.java_client.android.AndroidDriver.<init>(AndroidDriver.java:109)
at org.cooee.BaseTest.configureAppium(BaseTest.java:49)
at java.base/java.util.ArrayList.forEach(ArrayList.java:1511)
at java.base/java.util.concurrent.FutureTask.run(FutureTask.java:264)
at java.base/java.util.concurrent.ThreadPoolExecutor.runWorker(ThreadPoolExecutor.java:1136)
at java.base/java.util.concurrent.ThreadPoolExecutor$Worker.run(ThreadPoolExecutor.java:635)
at java.base/java.lang.Thread.run(Thread.java:833)
... Removed 15 stack frames]]>
    </failure>
  </testcase> <!-- @BeforeClass configureAppium -->
  <testcase classname="org.cooee.demoTest" name="@BeforeMethod setUp" time="0.0">
    <skipped/>
  </testcase> <!-- @BeforeMethod setUp -->
  <testcase classname="org.cooee.BaseTest" name="@AfterClass tearDown" time="0.0">
    <skipped/>
  </testcase> <!-- @AfterClass tearDown -->
  <testcase classname="org.cooee.demoTest" name="OutBoundCall" time="42.838"/>
  <testcase classname="org.cooee.demoTest" name="InBoundCall" time="0.0">
    <ignored/>
  </testcase> <!-- InBoundCall -->
</testsuite> <!-- Android Test -->
