<?xml version="1.0" encoding="UTF-8"?>
<!-- Generated by org.testng.reporters.JUnitXMLReporter -->
<testsuite ignored="1" hostname="DESKTOP-RMQC6MS" failures="0" tests="1" name="Android Test1" time="65.176" errors="0" timestamp="2024-09-01T12:05:11 IST">
  <testcase classname="org.cooee.AndroidTest" name="OutBoundCall" time="44.428"/>
  <testcase classname="org.cooee.AndroidTest" name="InBoundCall" time="0.0">
    <ignored/>
  </testcase> <!-- InBoundCall -->
</testsuite> <!-- Android Test1 -->
